<?xml version="1.0" encoding="UTF-8"?>
<testsuite name="PessoaTest" tests="3" skipped="0" failures="0" errors="0" timestamp="2024-05-20T19:05:48" hostname="DESKTOP-3CVPSG7" time="0.047">
  <properties/>
  <testcase name="deveRetornarSeEhMaiorDeIdade()" classname="PessoaTest" time="0.034"/>
  <testcase name="deveCalcularIdadeCorretamente()" classname="PessoaTest" time="0.005"/>
  <testcase name="validarCalculoDeIdade()" classname="PessoaTest" time="0.001"/>
  <system-out><![CDATA[]]></system-out>
  <system-err><![CDATA[]]></system-err>
</testsuite>
